0 info it worked if it ends with ok
1 verbose cli [ 'B:\\node\\node.exe',
1 verbose cli   'B:\\node\\node_modules\\npm\\bin\\npm-cli.js',
1 verbose cli   'run',
1 verbose cli   'dev' ]
2 info using npm@3.3.12
3 info using node@v5.5.0
4 verbose run-script [ 'predev', 'dev', 'postdev' ]
5 info lifecycle vue-node-webpack-gulp@1.0.0~predev: vue-node-webpack-gulp@1.0.0
6 silly lifecycle vue-node-webpack-gulp@1.0.0~predev: no script for predev, continuing
7 info lifecycle vue-node-webpack-gulp@1.0.0~dev: vue-node-webpack-gulp@1.0.0
8 verbose lifecycle vue-node-webpack-gulp@1.0.0~dev: unsafe-perm in lifecycle true
9 verbose lifecycle vue-node-webpack-gulp@1.0.0~dev: PATH: B:\node\node_modules\npm\bin\node-gyp-bin;B:\phpStudy\WWW\vue-node-webpack-gulp\node_modules\.bin;C:\Users\jacklin\bin;B:\Git\mingw64\bin;B:\Git\usr\local\bin;B:\Git\usr\bin;B:\Git\usr\bin;B:\Git\mingw64\bin;B:\Git\usr\bin;C:\Program Files (x86)\Intel\iCLS Client;C:\Program Files\Intel\iCLS Client;C:\Program Files (x86)\NVIDIA Corporation\PhysX\Common;C:\Windows\system32;C:\Windows;C:\Windows\System32\Wbem;C:\Windows\System32\WindowsPowerShell\v1.0;C:\Program Files\Intel\Intel(R) Management Engine Components\DAL;C:\Program Files\Intel\Intel(R) Management Engine Components\IPT;C:\Program Files (x86)\Intel\Intel(R) Management Engine Components\DAL;C:\Program Files (x86)\Intel\Intel(R) Management Engine Components\IPT;B:\node;B:\Git;C:\Program Files\TortoiseGit\bin;B:\phpStudy\MySQL\bin;C:\python;B:\phpStudy\php55n;C:\ProgramData\ComposerSetup\bin;C:\Users\jacklin\AppData\Roaming\npm;B:\phpStudy\MySQL\bin;C:\Users\jacklin\AppData\Roaming\Composer\vendor\bin;C:\Users\jacklin\AppData\Local\atom\bin;B:\Git\usr\bin\vendor_perl;B:\Git\usr\bin\core_perl
10 verbose lifecycle vue-node-webpack-gulp@1.0.0~dev: CWD: B:\phpStudy\WWW\vue-node-webpack-gulp
11 silly lifecycle vue-node-webpack-gulp@1.0.0~dev: Args: [ '/d /s /c', 'gulp' ]
12 silly lifecycle vue-node-webpack-gulp@1.0.0~dev: Returned: code: 1  signal: null
13 info lifecycle vue-node-webpack-gulp@1.0.0~dev: Failed to exec dev script
14 verbose stack Error: vue-node-webpack-gulp@1.0.0 dev: `gulp`
14 verbose stack Exit status 1
14 verbose stack     at EventEmitter.<anonymous> (B:\node\node_modules\npm\lib\utils\lifecycle.js:232:16)
14 verbose stack     at emitTwo (events.js:100:13)
14 verbose stack     at EventEmitter.emit (events.js:185:7)
14 verbose stack     at ChildProcess.<anonymous> (B:\node\node_modules\npm\lib\utils\spawn.js:24:14)
14 verbose stack     at emitTwo (events.js:100:13)
14 verbose stack     at ChildProcess.emit (events.js:185:7)
14 verbose stack     at maybeClose (internal/child_process.js:821:16)
14 verbose stack     at Process.ChildProcess._handle.onexit (internal/child_process.js:211:5)
15 verbose pkgid vue-node-webpack-gulp@1.0.0
16 verbose cwd B:\phpStudy\WWW\vue-node-webpack-gulp
17 error Windows_NT 6.1.7601
18 error argv "B:\\node\\node.exe" "B:\\node\\node_modules\\npm\\bin\\npm-cli.js" "run" "dev"
19 error node v5.5.0
20 error npm  v3.3.12
21 error code ELIFECYCLE
22 error vue-node-webpack-gulp@1.0.0 dev: `gulp`
22 error Exit status 1
23 error Failed at the vue-node-webpack-gulp@1.0.0 dev script 'gulp'.
23 error Make sure you have the latest version of node.js and npm installed.
23 error If you do, this is most likely a problem with the vue-node-webpack-gulp package,
23 error not with npm itself.
23 error Tell the author that this fails on your system:
23 error     gulp
23 error You can get their info via:
23 error     npm owner ls vue-node-webpack-gulp
23 error There is likely additional logging output above.
24 verbose exit [ 1, true ]
